# JRE version: Java(TM) SE Runtime Environment (8.0_92-b14) (build 1.8.0_92-b14)
# Java VM: Java HotSpot(TM) 64-Bit Server VM (25.92-b14 mixed mode bsd-amd64 compressed oops)
Heap:
 PSYoungGen      total 57344K, used 38843K [0x0000000780000000, 0x0000000787000000, 0x00000007c0000000)
  eden space 49152K, 79% used [0x0000000780000000,0x00000007825eee90,0x0000000783000000)
  from space 8192K, 0% used [0x0000000783800000,0x0000000783800000,0x0000000784000000)
  to   space 8192K, 0% used [0x0000000783000000,0x0000000783000000,0x0000000783800000)
 ParOldGen       total 96768K, used 14849K [0x0000000700000000, 0x0000000705e80000, 0x0000000780000000)
  object space 96768K, 15% used [0x0000000700000000,0x0000000700e80478,0x0000000705e80000)
 Metaspace       used 29269K, capacity 29956K, committed 30208K, reserved 1075200K
  class space    used 4043K, capacity 4225K, committed 4352K, reserved 1048576K
GC Heap History (6 events):
Event: 1.191 GC heap before
{Heap before GC invocations=1 (full 0):
 PSYoungGen      total 57344K, used 49152K [0x0000000780000000, 0x0000000784000000, 0x00000007c0000000)
  eden space 49152K, 100% used [0x0000000780000000,0x0000000783000000,0x0000000783000000)
  from space 8192K, 0% used [0x0000000783800000,0x0000000783800000,0x0000000784000000)
  to   space 8192K, 0% used [0x0000000783000000,0x0000000783000000,0x0000000783800000)
 ParOldGen       total 131072K, used 0K [0x0000000700000000, 0x0000000708000000, 0x0000000780000000)
  object space 131072K, 0% used [0x0000000700000000,0x0000000700000000,0x0000000708000000)
 Metaspace       used 15227K, capacity 15706K, committed 15744K, reserved 1062912K
  class space    used 2050K, capacity 2171K, committed 2176K, reserved 1048576K
Event: 1.201 GC heap after
Heap after GC invocations=1 (full 0):
 PSYoungGen      total 57344K, used 8187K [0x0000000780000000, 0x0000000784000000, 0x00000007c0000000)
  eden space 49152K, 0% used [0x0000000780000000,0x0000000780000000,0x0000000783000000)
  from space 8192K, 99% used [0x0000000783000000,0x00000007837fee90,0x0000000783800000)
  to   space 8192K, 0% used [0x0000000783800000,0x0000000783800000,0x0000000784000000)
 ParOldGen       total 131072K, used 7516K [0x0000000700000000, 0x0000000708000000, 0x0000000780000000)
  object space 131072K, 5% used [0x0000000700000000,0x0000000700757020,0x0000000708000000)
 Metaspace       used 15227K, capacity 15706K, committed 15744K, reserved 1062912K
  class space    used 2050K, capacity 2171K, committed 2176K, reserved 1048576K
}
Event: 1.658 GC heap before
{Heap before GC invocations=2 (full 0):
 PSYoungGen      total 57344K, used 26538K [0x0000000780000000, 0x0000000784000000, 0x00000007c0000000)
  eden space 49152K, 37% used [0x0000000780000000,0x00000007811eba60,0x0000000783000000)
  from space 8192K, 99% used [0x0000000783000000,0x00000007837fee90,0x0000000783800000)
  to   space 8192K, 0% used [0x0000000783800000,0x0000000783800000,0x0000000784000000)
 ParOldGen       total 131072K, used 7516K [0x0000000700000000, 0x0000000708000000, 0x0000000780000000)
  object space 131072K, 5% used [0x0000000700000000,0x0000000700757020,0x0000000708000000)
 Metaspace       used 20585K, capacity 21128K, committed 21248K, reserved 1067008K
  class space    used 2837K, capacity 2984K, committed 3072K, reserved 1048576K
Event: 1.667 GC heap after
Heap after GC invocations=2 (full 0):
 PSYoungGen      total 57344K, used 8171K [0x0000000780000000, 0x0000000787000000, 0x00000007c0000000)
  eden space 49152K, 0% used [0x0000000780000000,0x0000000780000000,0x0000000783000000)
  from space 8192K, 99% used [0x0000000783800000,0x0000000783ffae80,0x0000000784000000)
  to   space 8192K, 0% used [0x0000000783000000,0x0000000783000000,0x0000000783800000)
 ParOldGen       total 131072K, used 12782K [0x0000000700000000, 0x0000000708000000, 0x0000000780000000)
  object space 131072K, 9% used [0x0000000700000000,0x0000000700c7ba28,0x0000000708000000)
 Metaspace       used 20585K, capacity 21128K, committed 21248K, reserved 1067008K
  class space    used 2837K, capacity 2984K, committed 3072K, reserved 1048576K
}
Event: 1.667 GC heap before
{Heap before GC invocations=3 (full 1):
 PSYoungGen      total 57344K, used 8171K [0x0000000780000000, 0x0000000787000000, 0x00000007c0000000)
  eden space 49152K, 0% used [0x0000000780000000,0x0000000780000000,0x0000000783000000)
  from space 8192K, 99% used [0x0000000783800000,0x0000000783ffae80,0x0000000784000000)
  to   space 8192K, 0% used [0x0000000783000000,0x0000000783000000,0x0000000783800000)
 ParOldGen       total 131072K, used 12782K [0x0000000700000000, 0x0000000708000000, 0x0000000780000000)
  object space 131072K, 9% used [0x0000000700000000,0x0000000700c7ba28,0x0000000708000000)
 Metaspace       used 20585K, capacity 21128K, committed 21248K, reserved 1067008K
  class space    used 2837K, capacity 2984K, committed 3072K, reserved 1048576K
Event: 1.690 GC heap after
Heap after GC invocations=3 (full 1):
 PSYoungGen      total 57344K, used 0K [0x0000000780000000, 0x0000000787000000, 0x00000007c0000000)
  eden space 49152K, 0% used [0x0000000780000000,0x0000000780000000,0x0000000783000000)
  from space 8192K, 0% used [0x0000000783800000,0x0000000783800000,0x0000000784000000)
  to   space 8192K, 0% used [0x0000000783000000,0x0000000783000000,0x0000000783800000)
 ParOldGen       total 96768K, used 14849K [0x0000000700000000, 0x0000000705e80000, 0x0000000780000000)
  object space 96768K, 15% used [0x0000000700000000,0x0000000700e80478,0x0000000705e80000)
 Metaspace       used 20585K, capacity 21128K, committed 21248K, reserved 1067008K
  class space    used 2837K, capacity 2984K, committed 3072K, reserved 1048576K
}

